  [1m[35m (8.9ms)[0m  [1m[35mCREATE TABLE "schema_migrations" ("version" varchar NOT NULL PRIMARY KEY)[0m
  [1m[35m (7.3ms)[0m  [1m[35mCREATE TABLE "ar_internal_metadata" ("key" varchar NOT NULL PRIMARY KEY, "value" varchar, "created_at" datetime(6) NOT NULL, "updated_at" datetime(6) NOT NULL)[0m
  [1m[36mActiveRecord::SchemaMigration Pluck (0.3ms)[0m  [1m[34mSELECT "schema_migrations"."version" FROM "schema_migrations" ORDER BY "schema_migrations"."version" ASC[0m
Migrating to CreateRecipes (20221021085002)
  [1m[36mTRANSACTION (0.1ms)[0m  [1m[36mbegin transaction[0m
  [1m[35m (0.4ms)[0m  [1m[35mCREATE TABLE "recipes" ("id" integer PRIMARY KEY AUTOINCREMENT NOT NULL, "title" varchar, "created_at" datetime(6) NOT NULL, "updated_at" datetime(6) NOT NULL)[0m
  [1m[36mActiveRecord::SchemaMigration Create (0.3ms)[0m  [1m[32mINSERT INTO "schema_migrations" ("version") VALUES (?)[0m  [["version", "20221021085002"]]
  [1m[36mTRANSACTION (6.9ms)[0m  [1m[36mcommit transaction[0m
  [1m[36mActiveRecord::InternalMetadata Load (0.3ms)[0m  [1m[34mSELECT "ar_internal_metadata".* FROM "ar_internal_metadata" WHERE "ar_internal_metadata"."key" = ? LIMIT ?[0m  [["key", "environment"], ["LIMIT", 1]]
  [1m[36mTRANSACTION (0.1ms)[0m  [1m[36mbegin transaction[0m
  [1m[36mActiveRecord::InternalMetadata Create (0.3ms)[0m  [1m[32mINSERT INTO "ar_internal_metadata" ("key", "value", "created_at", "updated_at") VALUES (?, ?, ?, ?)[0m  [["key", "environment"], ["value", "development"], ["created_at", "2022-10-21 08:50:16.252936"], ["updated_at", "2022-10-21 08:50:16.252936"]]
  [1m[36mTRANSACTION (6.7ms)[0m  [1m[36mcommit transaction[0m
  [1m[36mActiveRecord::SchemaMigration Pluck (0.3ms)[0m  [1m[34mSELECT "schema_migrations"."version" FROM "schema_migrations" ORDER BY "schema_migrations"."version" ASC[0m
  [1m[36mActiveRecord::SchemaMigration Pluck (0.2ms)[0m  [1m[34mSELECT "schema_migrations"."version" FROM "schema_migrations" ORDER BY "schema_migrations"."version" ASC[0m
Migrating to CreateCategories (20221021085311)
  [1m[36mTRANSACTION (0.1ms)[0m  [1m[36mbegin transaction[0m
  [1m[35m (0.4ms)[0m  [1m[35mCREATE TABLE "categories" ("id" integer PRIMARY KEY AUTOINCREMENT NOT NULL, "name" varchar, "created_at" datetime(6) NOT NULL, "updated_at" datetime(6) NOT NULL)[0m
  [1m[36mActiveRecord::SchemaMigration Create (0.2ms)[0m  [1m[32mINSERT INTO "schema_migrations" ("version") VALUES (?)[0m  [["version", "20221021085311"]]
  [1m[36mTRANSACTION (5.7ms)[0m  [1m[36mcommit transaction[0m
  [1m[36mActiveRecord::InternalMetadata Load (0.1ms)[0m  [1m[34mSELECT "ar_internal_metadata".* FROM "ar_internal_metadata" WHERE "ar_internal_metadata"."key" = ? LIMIT ?[0m  [["key", "environment"], ["LIMIT", 1]]
  [1m[36mActiveRecord::SchemaMigration Pluck (0.1ms)[0m  [1m[34mSELECT "schema_migrations"."version" FROM "schema_migrations" ORDER BY "schema_migrations"."version" ASC[0m
  [1m[36mActiveRecord::SchemaMigration Pluck (0.2ms)[0m  [1m[34mSELECT "schema_migrations"."version" FROM "schema_migrations" ORDER BY "schema_migrations"."version" ASC[0m
Migrating to AddCategoryRefToRecipes (20221021085346)
  [1m[36mTRANSACTION (0.1ms)[0m  [1m[36mbegin transaction[0m
  [1m[35m (0.0ms)[0m  [1m[35mPRAGMA foreign_keys[0m
  [1m[35m (0.1ms)[0m  [1m[35mPRAGMA defer_foreign_keys[0m
  [1m[35m (0.0ms)[0m  [1m[35mPRAGMA defer_foreign_keys = ON[0m
  [1m[35m (0.0ms)[0m  [1m[35mPRAGMA foreign_keys = OFF[0m
  [1m[35m (0.2ms)[0m  [1m[35mCREATE TEMPORARY TABLE "arecipes" ("id" integer NOT NULL PRIMARY KEY, "title" varchar DEFAULT NULL, "created_at" datetime(6) NOT NULL, "updated_at" datetime(6) NOT NULL)[0m
  [1m[35m (0.3ms)[0m  [1m[32mINSERT INTO "arecipes" ("id","title","created_at","updated_at")
                     SELECT "id","title","created_at","updated_at" FROM "recipes"[0m
  [1m[35m (0.4ms)[0m  [1m[35mDROP TABLE "recipes"[0m
  [1m[35m (0.2ms)[0m  [1m[35mCREATE TABLE "recipes" ("id" integer NOT NULL PRIMARY KEY, "title" varchar DEFAULT NULL, "created_at" datetime(6) NOT NULL, "updated_at" datetime(6) NOT NULL, "category_id" integer NOT NULL)[0m
  [1m[35m (0.1ms)[0m  [1m[32mINSERT INTO "recipes" ("id","title","created_at","updated_at")
                     SELECT "id","title","created_at","updated_at" FROM "arecipes"[0m
  [1m[35m (0.2ms)[0m  [1m[35mDROP TABLE "arecipes"[0m
  [1m[35m (0.1ms)[0m  [1m[35mPRAGMA defer_foreign_keys = 0[0m
  [1m[35m (0.0ms)[0m  [1m[35mPRAGMA foreign_keys = 1[0m
  [1m[35m (0.2ms)[0m  [1m[35mCREATE INDEX "index_recipes_on_category_id" ON "recipes" ("category_id")[0m
  [1m[35m (0.1ms)[0m  [1m[35mPRAGMA foreign_keys[0m
  [1m[35m (0.1ms)[0m  [1m[35mPRAGMA defer_foreign_keys[0m
  [1m[35m (1.3ms)[0m  [1m[35mPRAGMA defer_foreign_keys = ON[0m
  [1m[35m (0.1ms)[0m  [1m[35mPRAGMA foreign_keys = OFF[0m
  [1m[35m (0.4ms)[0m  [1m[35mCREATE TEMPORARY TABLE "arecipes" ("id" integer NOT NULL PRIMARY KEY, "title" varchar DEFAULT NULL, "created_at" datetime(6) NOT NULL, "updated_at" datetime(6) NOT NULL, "category_id" integer NOT NULL)[0m
  [1m[35m (0.4ms)[0m  [1m[35mCREATE INDEX "tindex_arecipes_on_category_id" ON "arecipes" ("category_id")[0m
  [1m[35m (0.1ms)[0m  [1m[32mINSERT INTO "arecipes" ("id","title","created_at","updated_at","category_id")
                     SELECT "id","title","created_at","updated_at","category_id" FROM "recipes"[0m
  [1m[35m (7.5ms)[0m  [1m[35mDROP TABLE "recipes"[0m
  [1m[35m (0.3ms)[0m  [1m[35mCREATE TABLE "recipes" ("id" integer NOT NULL PRIMARY KEY, "title" varchar DEFAULT NULL, "created_at" datetime(6) NOT NULL, "updated_at" datetime(6) NOT NULL, "category_id" integer NOT NULL, CONSTRAINT "fk_rails_22f4e84158"
FOREIGN KEY ("category_id")
  REFERENCES "categories" ("id")
)[0m
  [1m[35m (0.1ms)[0m  [1m[35mCREATE INDEX "index_recipes_on_category_id" ON "recipes" ("category_id")[0m
  [1m[35m (0.1ms)[0m  [1m[32mINSERT INTO "recipes" ("id","title","created_at","updated_at","category_id")
                     SELECT "id","title","created_at","updated_at","category_id" FROM "arecipes"[0m
  [1m[35m (0.2ms)[0m  [1m[35mDROP TABLE "arecipes"[0m
  [1m[35m (0.1ms)[0m  [1m[35mPRAGMA defer_foreign_keys = 0[0m
  [1m[35m (0.1ms)[0m  [1m[35mPRAGMA foreign_keys = 1[0m
  [1m[36mActiveRecord::SchemaMigration Create (0.2ms)[0m  [1m[32mINSERT INTO "schema_migrations" ("version") VALUES (?)[0m  [["version", "20221021085346"]]
  [1m[36mTRANSACTION (46.9ms)[0m  [1m[36mcommit transaction[0m
  [1m[36mActiveRecord::InternalMetadata Load (0.5ms)[0m  [1m[34mSELECT "ar_internal_metadata".* FROM "ar_internal_metadata" WHERE "ar_internal_metadata"."key" = ? LIMIT ?[0m  [["key", "environment"], ["LIMIT", 1]]
  [1m[36mActiveRecord::SchemaMigration Pluck (0.1ms)[0m  [1m[34mSELECT "schema_migrations"."version" FROM "schema_migrations" ORDER BY "schema_migrations"."version" ASC[0m
  [1m[36mActiveRecord::SchemaMigration Pluck (0.2ms)[0m  [1m[34mSELECT "schema_migrations"."version" FROM "schema_migrations" ORDER BY "schema_migrations"."version" ASC[0m
Migrating to AddInstructionToRecipe (20221021085810)
  [1m[36mTRANSACTION (0.1ms)[0m  [1m[36mbegin transaction[0m
  [1m[35m (0.6ms)[0m  [1m[35mALTER TABLE "recipes" ADD "instructions" varchar[0m
  [1m[36mActiveRecord::SchemaMigration Create (0.2ms)[0m  [1m[32mINSERT INTO "schema_migrations" ("version") VALUES (?)[0m  [["version", "20221021085810"]]
  [1m[36mTRANSACTION (41.0ms)[0m  [1m[36mcommit transaction[0m
  [1m[36mActiveRecord::InternalMetadata Load (0.4ms)[0m  [1m[34mSELECT "ar_internal_metadata".* FROM "ar_internal_metadata" WHERE "ar_internal_metadata"."key" = ? LIMIT ?[0m  [["key", "environment"], ["LIMIT", 1]]
  [1m[36mActiveRecord::SchemaMigration Pluck (0.1ms)[0m  [1m[34mSELECT "schema_migrations"."version" FROM "schema_migrations" ORDER BY "schema_migrations"."version" ASC[0m
Started GET "/" for 127.0.0.1 at 2022-10-21 17:10:36 +0800
  [1m[36mActiveRecord::SchemaMigration Pluck (0.3ms)[0m  [1m[34mSELECT "schema_migrations"."version" FROM "schema_migrations" ORDER BY "schema_migrations"."version" ASC[0m
Processing by WelcomeController#index as HTML
  Rendering layout layouts/application.html.erb
  Rendering welcome/index.html.erb within layouts/application
  Rendered welcome/index.html.erb within layouts/application (Duration: 3.3ms | Allocations: 431)
  Rendered layout layouts/application.html.erb (Duration: 554.0ms | Allocations: 65282)
Completed 200 OK in 571ms (Views: 569.4ms | ActiveRecord: 0.0ms | Allocations: 67160)


Started GET "/recipes" for 127.0.0.1 at 2022-10-21 17:10:43 +0800
Processing by RecipesController#index as HTML
  Rendering layout layouts/application.html.erb
  Rendering recipes/index.html.erb within layouts/application
  [1m[36mRecipe Load (0.5ms)[0m  [1m[34mSELECT "recipes".* FROM "recipes"[0m
  ↳ app/views/recipes/index.html.erb:6
  Rendered recipes/index.html.erb within layouts/application (Duration: 5.7ms | Allocations: 1471)
  Rendered layout layouts/application.html.erb (Duration: 10.6ms | Allocations: 3851)
Completed 200 OK in 22ms (Views: 12.0ms | ActiveRecord: 0.5ms | Allocations: 6810)


  [1m[36mCategory Load (0.3ms)[0m  [1m[34mSELECT "categories".* FROM "categories" WHERE "categories"."id" = ? LIMIT ?[0m  [["id", 1], ["LIMIT", 1]]
  [1m[36mRecipe Load (0.2ms)[0m  [1m[34mSELECT "recipes".* FROM "recipes"[0m
  [1m[36mTRANSACTION (0.1ms)[0m  [1m[36mbegin transaction[0m
  [1m[36mCategory Create (36.1ms)[0m  [1m[32mINSERT INTO "categories" ("id", "name", "created_at", "updated_at") VALUES (?, ?, ?, ?)[0m  [["id", 1], ["name", "my potatoes"], ["created_at", "2022-10-21 09:12:30.012622"], ["updated_at", "2022-10-21 09:12:30.012622"]]
  [1m[36mRecipe Create (1.4ms)[0m  [1m[32mINSERT INTO "recipes" ("title", "created_at", "updated_at", "category_id", "instructions") VALUES (?, ?, ?, ?, ?)[0m  [["title", "my first potato"], ["created_at", "2022-10-21 09:12:30.053970"], ["updated_at", "2022-10-21 09:12:30.053970"], ["category_id", 1], ["instructions", nil]]
  [1m[36mTRANSACTION (18.9ms)[0m  [1m[36mcommit transaction[0m
  [1m[36mTRANSACTION (0.1ms)[0m  [1m[36mbegin transaction[0m
  [1m[36mRecipe Update (0.3ms)[0m  [1m[33mUPDATE "recipes" SET "updated_at" = ?, "instructions" = ? WHERE "recipes"."id" = ?[0m  [["updated_at", "2022-10-21 09:12:47.050952"], ["instructions", "this is my first potato"], ["id", 1]]
  [1m[36mTRANSACTION (67.9ms)[0m  [1m[36mcommit transaction[0m
  [1m[36mTRANSACTION (0.1ms)[0m  [1m[36mbegin transaction[0m
  [1m[36mRecipe Create (0.5ms)[0m  [1m[32mINSERT INTO "recipes" ("title", "created_at", "updated_at", "category_id", "instructions") VALUES (?, ?, ?, ?, ?)[0m  [["title", "another potato"], ["created_at", "2022-10-21 09:13:28.771537"], ["updated_at", "2022-10-21 09:13:28.771537"], ["category_id", 1], ["instructions", "this potato is planted in Silebria"]]
  [1m[36mTRANSACTION (7.3ms)[0m  [1m[36mcommit transaction[0m
  [1m[36mRecipe Load (0.1ms)[0m  [1m[34mSELECT "recipes".* FROM "recipes"[0m
  [1m[36mTRANSACTION (0.2ms)[0m  [1m[36mbegin transaction[0m
  [1m[36mCategory Create (0.4ms)[0m  [1m[32mINSERT INTO "categories" ("name", "created_at", "updated_at") VALUES (?, ?, ?)[0m  [["name", "my tomato"], ["created_at", "2022-10-21 09:14:26.120510"], ["updated_at", "2022-10-21 09:14:26.120510"]]
  [1m[36mRecipe Create (0.5ms)[0m  [1m[32mINSERT INTO "recipes" ("title", "created_at", "updated_at", "category_id", "instructions") VALUES (?, ?, ?, ?, ?)[0m  [["title", "my first tomato"], ["created_at", "2022-10-21 09:14:26.156568"], ["updated_at", "2022-10-21 09:14:26.156568"], ["category_id", 2], ["instructions", nil]]
  [1m[36mTRANSACTION (6.7ms)[0m  [1m[36mcommit transaction[0m
  [1m[36mTRANSACTION (0.1ms)[0m  [1m[36mbegin transaction[0m
  [1m[36mRecipe Update (0.3ms)[0m  [1m[33mUPDATE "recipes" SET "updated_at" = ?, "instructions" = ? WHERE "recipes"."id" = ?[0m  [["updated_at", "2022-10-21 09:14:41.318269"], ["instructions", "this is my first tomato"], ["id", 3]]
  [1m[36mTRANSACTION (39.2ms)[0m  [1m[36mcommit transaction[0m
  [1m[36mRecipe Load (0.2ms)[0m  [1m[34mSELECT "recipes".* FROM "recipes"[0m
  [1m[36mCategory Load (0.2ms)[0m  [1m[34mSELECT "categories".* FROM "categories"[0m
  [1m[36mRecipe Load (0.2ms)[0m  [1m[34mSELECT "recipes".* FROM "recipes" WHERE "recipes"."id" = ? LIMIT ?[0m  [["id", 3], ["LIMIT", 1]]
  [1m[36mRecipe Load (0.2ms)[0m  [1m[34mSELECT "recipes".* FROM "recipes"[0m
  [1m[36mTRANSACTION (0.1ms)[0m  [1m[36mbegin transaction[0m
  [1m[36mCategory Create (1.9ms)[0m  [1m[32mINSERT INTO "categories" ("id", "name", "created_at", "updated_at") VALUES (?, ?, ?, ?)[0m  [["id", 2], ["name", "my tomatoes"], ["created_at", "2022-10-21 09:16:12.185395"], ["updated_at", "2022-10-21 09:16:12.185395"]]
  [1m[36mTRANSACTION (0.1ms)[0m  [1m[31mrollback transaction[0m
  [1m[36mRecipe Load (0.2ms)[0m  [1m[34mSELECT "recipes".* FROM "recipes"[0m
  [1m[36mCategory Load (0.2ms)[0m  [1m[34mSELECT "categories".* FROM "categories"[0m
  [1m[36mActiveRecord::SchemaMigration Pluck (0.2ms)[0m  [1m[34mSELECT "schema_migrations"."version" FROM "schema_migrations" ORDER BY "schema_migrations"."version" ASC[0m
  [1m[36mActiveRecord::InternalMetadata Load (0.1ms)[0m  [1m[34mSELECT "ar_internal_metadata".* FROM "ar_internal_metadata" WHERE "ar_internal_metadata"."key" = ? LIMIT ?[0m  [["key", "environment"], ["LIMIT", 1]]
  [1m[36mActiveRecord::SchemaMigration Pluck (0.1ms)[0m  [1m[34mSELECT "schema_migrations"."version" FROM "schema_migrations" ORDER BY "schema_migrations"."version" ASC[0m
Started GET "/recipes" for 127.0.0.1 at 2022-10-21 17:17:28 +0800
  [1m[36mActiveRecord::SchemaMigration Pluck (0.9ms)[0m  [1m[34mSELECT "schema_migrations"."version" FROM "schema_migrations" ORDER BY "schema_migrations"."version" ASC[0m
Processing by RecipesController#index as HTML
  Rendering layout layouts/application.html.erb
  Rendering recipes/index.html.erb within layouts/application
  [1m[36mRecipe Load (0.2ms)[0m  [1m[34mSELECT "recipes".* FROM "recipes"[0m
  ↳ app/views/recipes/index.html.erb:6
  [1m[36mCategory Load (0.4ms)[0m  [1m[34mSELECT "categories".* FROM "categories" WHERE "categories"."id" = ? LIMIT ?[0m  [["id", 1], ["LIMIT", 1]]
  ↳ app/views/recipes/_recipe.html.erb:9
  Rendered recipes/_recipe.html.erb (Duration: 29.2ms | Allocations: 8844)
  [1m[36mCACHE Category Load (0.0ms)[0m  [1m[34mSELECT "categories".* FROM "categories" WHERE "categories"."id" = ? LIMIT ?[0m  [["id", 1], ["LIMIT", 1]]
  ↳ app/views/recipes/_recipe.html.erb:9
  Rendered recipes/_recipe.html.erb (Duration: 2.0ms | Allocations: 657)
  [1m[36mCategory Load (0.2ms)[0m  [1m[34mSELECT "categories".* FROM "categories" WHERE "categories"."id" = ? LIMIT ?[0m  [["id", 2], ["LIMIT", 1]]
  ↳ app/views/recipes/_recipe.html.erb:9
  Rendered recipes/_recipe.html.erb (Duration: 2.2ms | Allocations: 682)
  Rendered recipes/index.html.erb within layouts/application (Duration: 58.3ms | Allocations: 17224)
  Rendered layout layouts/application.html.erb (Duration: 121.3ms | Allocations: 42694)
Completed 200 OK in 137ms (Views: 122.9ms | ActiveRecord: 2.6ms | Allocations: 46694)


Started GET "/recipes/1" for 127.0.0.1 at 2022-10-21 17:17:37 +0800
Processing by RecipesController#show as HTML
  Parameters: {"id"=>"1"}
  [1m[36mRecipe Load (0.2ms)[0m  [1m[34mSELECT "recipes".* FROM "recipes" WHERE "recipes"."id" = ? LIMIT ?[0m  [["id", 1], ["LIMIT", 1]]
  ↳ app/controllers/recipes_controller.rb:63:in `set_recipe'
  Rendering layout layouts/application.html.erb
  Rendering recipes/show.html.erb within layouts/application
  [1m[36mCategory Load (0.1ms)[0m  [1m[34mSELECT "categories".* FROM "categories" WHERE "categories"."id" = ? LIMIT ?[0m  [["id", 1], ["LIMIT", 1]]
  ↳ app/views/recipes/_recipe.html.erb:9
  Rendered recipes/_recipe.html.erb (Duration: 2.4ms | Allocations: 708)
  Rendered recipes/show.html.erb within layouts/application (Duration: 7.4ms | Allocations: 1706)
  Rendered layout layouts/application.html.erb (Duration: 11.2ms | Allocations: 3965)
Completed 200 OK in 16ms (Views: 12.1ms | ActiveRecord: 0.3ms | Allocations: 5593)


Started GET "/recipes" for 127.0.0.1 at 2022-10-21 17:27:11 +0800
  [1m[36mActiveRecord::SchemaMigration Pluck (0.2ms)[0m  [1m[34mSELECT "schema_migrations"."version" FROM "schema_migrations" ORDER BY "schema_migrations"."version" ASC[0m
Processing by RecipesController#index as HTML
  Rendering layout layouts/application.html.erb
  Rendering recipes/index.html.erb within layouts/application
  [1m[36mRecipe Load (0.2ms)[0m  [1m[34mSELECT "recipes".* FROM "recipes"[0m
  ↳ app/views/recipes/index.html.erb:6
  [1m[36mCategory Load (0.2ms)[0m  [1m[34mSELECT "categories".* FROM "categories" WHERE "categories"."id" = ? LIMIT ?[0m  [["id", 1], ["LIMIT", 1]]
  ↳ app/views/recipes/_recipe.html.erb:9
  Rendered recipes/_recipe.html.erb (Duration: 25.0ms | Allocations: 8417)
  [1m[36mCACHE Category Load (0.0ms)[0m  [1m[34mSELECT "categories".* FROM "categories" WHERE "categories"."id" = ? LIMIT ?[0m  [["id", 1], ["LIMIT", 1]]
  ↳ app/views/recipes/_recipe.html.erb:9
  Rendered recipes/_recipe.html.erb (Duration: 2.0ms | Allocations: 660)
  [1m[36mCategory Load (0.1ms)[0m  [1m[34mSELECT "categories".* FROM "categories" WHERE "categories"."id" = ? LIMIT ?[0m  [["id", 2], ["LIMIT", 1]]
  ↳ app/views/recipes/_recipe.html.erb:9
  Rendered recipes/_recipe.html.erb (Duration: 1.9ms | Allocations: 684)
  Rendered recipes/index.html.erb within layouts/application (Duration: 59.4ms | Allocations: 16730)
  Rendered layout layouts/application.html.erb (Duration: 129.0ms | Allocations: 42120)
Completed 200 OK in 143ms (Views: 130.3ms | ActiveRecord: 2.0ms | Allocations: 46120)


Started GET "/recipes/1" for 127.0.0.1 at 2022-10-21 17:27:14 +0800
Processing by RecipesController#show as HTML
  Parameters: {"id"=>"1"}
  [1m[36mRecipe Load (0.4ms)[0m  [1m[34mSELECT "recipes".* FROM "recipes" WHERE "recipes"."id" = ? LIMIT ?[0m  [["id", 1], ["LIMIT", 1]]
  ↳ app/controllers/recipes_controller.rb:63:in `set_recipe'
  Rendering layout layouts/application.html.erb
  Rendering recipes/show.html.erb within layouts/application
  [1m[36mCategory Load (0.2ms)[0m  [1m[34mSELECT "categories".* FROM "categories" WHERE "categories"."id" = ? LIMIT ?[0m  [["id", 1], ["LIMIT", 1]]
  ↳ app/views/recipes/_recipe.html.erb:9
  Rendered recipes/_recipe.html.erb (Duration: 3.8ms | Allocations: 710)
  Rendered recipes/show.html.erb within layouts/application (Duration: 6.4ms | Allocations: 1714)
  Rendered layout layouts/application.html.erb (Duration: 10.0ms | Allocations: 3973)
Completed 200 OK in 16ms (Views: 10.8ms | ActiveRecord: 0.6ms | Allocations: 5601)


Started GET "/recipes/1/edit" for 127.0.0.1 at 2022-10-21 17:27:41 +0800
Processing by RecipesController#edit as HTML
  Parameters: {"id"=>"1"}
  [1m[36mRecipe Load (0.2ms)[0m  [1m[34mSELECT "recipes".* FROM "recipes" WHERE "recipes"."id" = ? LIMIT ?[0m  [["id", 1], ["LIMIT", 1]]
  ↳ app/controllers/recipes_controller.rb:63:in `set_recipe'
  Rendering layout layouts/application.html.erb
  Rendering recipes/edit.html.erb within layouts/application
  [1m[36mCategory Load (0.2ms)[0m  [1m[34mSELECT "categories".* FROM "categories"[0m
  ↳ app/views/recipes/_form.html.erb:20
  Rendered recipes/_form.html.erb (Duration: 67.9ms | Allocations: 15278)
  Rendered recipes/edit.html.erb within layouts/application (Duration: 69.1ms | Allocations: 15634)
  Rendered layout layouts/application.html.erb (Duration: 72.2ms | Allocations: 17913)
Completed 200 OK in 75ms (Views: 72.6ms | ActiveRecord: 0.4ms | Allocations: 18713)


Started GET "/recipes" for 127.0.0.1 at 2022-10-21 17:27:44 +0800
Processing by RecipesController#index as HTML
  Rendering layout layouts/application.html.erb
  Rendering recipes/index.html.erb within layouts/application
  [1m[36mRecipe Load (0.9ms)[0m  [1m[34mSELECT "recipes".* FROM "recipes"[0m
  ↳ app/views/recipes/index.html.erb:6
  [1m[36mCategory Load (0.3ms)[0m  [1m[34mSELECT "categories".* FROM "categories" WHERE "categories"."id" = ? LIMIT ?[0m  [["id", 1], ["LIMIT", 1]]
  ↳ app/views/recipes/_recipe.html.erb:9
  Rendered recipes/_recipe.html.erb (Duration: 4.7ms | Allocations: 739)
  [1m[36mCACHE Category Load (0.0ms)[0m  [1m[34mSELECT "categories".* FROM "categories" WHERE "categories"."id" = ? LIMIT ?[0m  [["id", 1], ["LIMIT", 1]]
  ↳ app/views/recipes/_recipe.html.erb:9
  Rendered recipes/_recipe.html.erb (Duration: 2.8ms | Allocations: 642)
  [1m[36mCategory Load (0.3ms)[0m  [1m[34mSELECT "categories".* FROM "categories" WHERE "categories"."id" = ? LIMIT ?[0m  [["id", 2], ["LIMIT", 1]]
  ↳ app/views/recipes/_recipe.html.erb:9
  Rendered recipes/_recipe.html.erb (Duration: 3.4ms | Allocations: 684)
  Rendered recipes/index.html.erb within layouts/application (Duration: 21.7ms | Allocations: 3278)
  Rendered layout layouts/application.html.erb (Duration: 33.2ms | Allocations: 5447)
Completed 200 OK in 36ms (Views: 33.3ms | ActiveRecord: 1.5ms | Allocations: 5752)


Started GET "/" for 127.0.0.1 at 2022-10-21 21:10:31 +0800
  [1m[36mActiveRecord::SchemaMigration Pluck (0.5ms)[0m  [1m[34mSELECT "schema_migrations"."version" FROM "schema_migrations" ORDER BY "schema_migrations"."version" ASC[0m
Processing by WelcomeController#index as HTML
  Rendering layout layouts/application.html.erb
  Rendering welcome/index.html.erb within layouts/application
  Rendered welcome/index.html.erb within layouts/application (Duration: 1.9ms | Allocations: 323)
  Rendered layout layouts/application.html.erb (Duration: 152.7ms | Allocations: 27523)
Completed 200 OK in 162ms (Views: 160.3ms | ActiveRecord: 0.0ms | Allocations: 28903)


Started GET "/recipes/" for 127.0.0.1 at 2022-10-21 21:10:39 +0800
Processing by RecipesController#index as HTML
  Rendering layout layouts/application.html.erb
  Rendering recipes/index.html.erb within layouts/application
  [1m[36mRecipe Load (1.0ms)[0m  [1m[34mSELECT "recipes".* FROM "recipes"[0m
  ↳ app/views/recipes/index.html.erb:6
  [1m[36mCategory Load (0.5ms)[0m  [1m[34mSELECT "categories".* FROM "categories" WHERE "categories"."id" = ? LIMIT ?[0m  [["id", 1], ["LIMIT", 1]]
  ↳ app/views/recipes/_recipe.html.erb:9
  Rendered recipes/_recipe.html.erb (Duration: 32.2ms | Allocations: 8428)
  [1m[36mCACHE Category Load (0.0ms)[0m  [1m[34mSELECT "categories".* FROM "categories" WHERE "categories"."id" = ? LIMIT ?[0m  [["id", 1], ["LIMIT", 1]]
  ↳ app/views/recipes/_recipe.html.erb:9
  Rendered recipes/_recipe.html.erb (Duration: 1.8ms | Allocations: 660)
  [1m[36mCategory Load (0.1ms)[0m  [1m[34mSELECT "categories".* FROM "categories" WHERE "categories"."id" = ? LIMIT ?[0m  [["id", 2], ["LIMIT", 1]]
  ↳ app/views/recipes/_recipe.html.erb:9
  Rendered recipes/_recipe.html.erb (Duration: 1.7ms | Allocations: 684)
  Rendered recipes/index.html.erb within layouts/application (Duration: 61.8ms | Allocations: 16361)
  Rendered layout layouts/application.html.erb (Duration: 66.0ms | Allocations: 18740)
Completed 200 OK in 77ms (Views: 64.6ms | ActiveRecord: 3.3ms | Allocations: 21361)


